Command line:
   subtrator3_isim_beh.exe
     -simmode  gui
     -simrunnum  0
     -socket  56107

Thu Oct 26 08:56:07 2023


 Elaboration Time: 0.04 sec

 Current Memory Usage: 194.58 Meg

 Total Signals          : 56
 Total Nets             : 28
 Total Signal Drivers   : 17
 Total Blocks           : 14
 Total Primitive Blocks : 10
 Total Processes        : 15
 Total Traceable Variables  : 13
 Total Scalar Nets and Variables : 393
Total Line Count : 13

 Total Simulation Time: 0.05 sec

 Current Memory Usage: 270.082 Meg

Thu Oct 26 08:56:21 2023

