Command line:
   somador1_isim_beh.exe
     -simmode  gui
     -simrunnum  0
     -socket  57091

Sat Oct 21 10:07:10 2023


 Elaboration Time: 0.02 sec

 Current Memory Usage: 194.58 Meg

 Total Signals          : 5
 Total Nets             : 5
 Total Signal Drivers   : 2
 Total Blocks           : 2
 Total Primitive Blocks : 2
 Total Processes        : 2
 Total Traceable Variables  : 8
 Total Scalar Nets and Variables : 365
Total Line Count : 2

 Total Simulation Time: 0.02 sec

 Current Memory Usage: 270.082 Meg

Sat Oct 21 10:07:22 2023

