Command line:
   contador_isim_beh.exe
     -simmode  gui
     -simrunnum  0
     -socket  54773

Wed Oct 25 21:49:02 2023


 Elaboration Time: 0.03 sec

 Current Memory Usage: 194.671 Meg

 Total Signals          : 4
 Total Nets             : 14
 Total Signal Drivers   : 2
 Total Blocks           : 3
 Total Primitive Blocks : 3
 Total Processes        : 2
 Total Traceable Variables  : 14
 Total Scalar Nets and Variables : 498
Total Line Count : 7

 Total Simulation Time: 0.04 sec

 Current Memory Usage: 270.172 Meg

Wed Oct 25 21:49:05 2023

