Command line:
   CONTADOR_isim_beh.exe
     -simmode  gui
     -simrunnum  0
     -socket  36801

Wed Oct 25 20:45:49 2023


 Elaboration Time: 0.03 sec

 Current Memory Usage: 194.671 Meg

 Total Signals          : 3
 Total Nets             : 17
 Total Signal Drivers   : 2
 Total Blocks           : 3
 Total Primitive Blocks : 3
 Total Processes        : 2
 Total Traceable Variables  : 14
 Total Scalar Nets and Variables : 501
Total Line Count : 6

 Total Simulation Time: 0.04 sec

 Current Memory Usage: 270.172 Meg

Wed Oct 25 20:46:03 2023

