Command line:
   dobrador3_isim_beh.exe
     -simmode  gui
     -simrunnum  0
     -socket  38665

Sat Oct 21 10:52:21 2023


 Elaboration Time: 0.03 sec

 Current Memory Usage: 194.58 Meg

 Total Signals          : 3
 Total Nets             : 7
 Total Signal Drivers   : 4
 Total Blocks           : 2
 Total Primitive Blocks : 2
 Total Processes        : 4
 Total Traceable Variables  : 8
 Total Scalar Nets and Variables : 367
Total Line Count : 4

 Total Simulation Time: 0.03 sec

 Current Memory Usage: 270.082 Meg

Sat Oct 21 10:52:41 2023

