Command line:
   comparador3_isim_beh.exe
     -simmode  gui
     -simrunnum  0
     -socket  40007

Sat Oct 21 10:07:30 2023


 Elaboration Time: 0.02 sec

 Current Memory Usage: 194.58 Meg

 Total Signals          : 3
 Total Nets             : 9
 Total Signal Drivers   : 1
 Total Blocks           : 2
 Total Primitive Blocks : 2
 Total Processes        : 1
 Total Traceable Variables  : 8
 Total Scalar Nets and Variables : 369
Total Line Count : 4

 Total Simulation Time: 0.03 sec

 Current Memory Usage: 270.082 Meg

Sat Oct 21 10:12:15 2023

