Command line:
   somador_isim_beh.exe
     -simmode  gui
     -simrunnum  0
     -socket  35765

Tue Sep 26 13:48:45 2023


 Elaboration Time: 0.02 sec

 Current Memory Usage: 194.585 Meg

 Total Signals          : 10
 Total Nets             : 10
 Total Signal Drivers   : 7
 Total Blocks           : 2
 Total Primitive Blocks : 2
 Total Processes        : 7
 Total Traceable Variables  : 8
 Total Scalar Nets and Variables : 370
Total Line Count : 7

 Total Simulation Time: 0.06 sec

 Current Memory Usage: 270.086 Meg

Tue Sep 26 13:50:10 2023

