Command line:
   somador4_isim_beh.exe
     -simmode  gui
     -simrunnum  0
     -socket  36177

Mon Oct 16 23:31:41 2023


 Elaboration Time: 0.06 sec

 Current Memory Usage: 194.585 Meg

 Total Signals          : 26
 Total Nets             : 17
 Total Signal Drivers   : 8
 Total Blocks           : 6
 Total Primitive Blocks : 5
 Total Processes        : 8
 Total Traceable Variables  : 8
 Total Scalar Nets and Variables : 377
Total Line Count : 8

 Total Simulation Time: 0.1 sec

 Current Memory Usage: 270.086 Meg

Mon Oct 16 23:40:40 2023

