Running: /opt/Xilinx/14.7/ISE_DS/ISE/bin/lin64/unwrapped/fuse -intstyle ise -incremental -o /home/giron/somador/somador4_isim_beh.exe -prj /home/giron/somador/somador4_beh.prj work.somador4 
ISim P.20131013 (signature 0xfbc00daa)
Number of CPUs detected in this system: 16
Turning on mult-threading, number of parallel sub-compilation jobs: 32 
Determining compilation order of HDL files
Parsing VHDL file "/home/giron/somador/somador1.vhd" into library work
Parsing VHDL file "/home/giron/somador/somador.vhd" into library work
Starting static elaboration
Completed static elaboration
Fuse Memory Usage: 83188 KB
Fuse CPU Usage: 480 ms
Compiling package standard
Compiling package std_logic_1164
Compiling architecture hardware of entity somador1 [somador1_default]
Compiling architecture hardware of entity somador4
Time Resolution for simulation is 1ps.
Compiled 5 VHDL Units
Built simulation executable /home/giron/somador/somador4_isim_beh.exe
Fuse Memory Usage: 2221684 KB
Fuse CPU Usage: 520 ms
GCC CPU Usage: 340 ms
